[    0.000000] Initializing cgroup subsys cpuset
[    0.000000] Initializing cgroup subsys cpu
[    0.000000] Initializing cgroup subsys cpuacct
[    0.000000] Linux version 4.4.0-78-generic (buildd@lgw01-11) (gcc version 5.4.0 20160609 (Ubuntu 5.4.0-6ubuntu1~16.04.4) ) #99-Ubuntu SMP Thu Apr 27 15:29:09 UTC 2017 (Ubuntu 4.4.0-78.99-generic 4.4.62)
[    0.000000] Command line: BOOT_IMAGE=/boot/vmlinuz-4.4.0-78-generic root=LABEL=cloudimg-rootfs ro console=tty1 console=ttyS0
[    0.000000] KERNEL supported cpus:
[    0.000000]   Intel GenuineIntel
[    0.000000]   AMD AuthenticAMD
[    0.000000]   Centaur CentaurHauls
[    0.000000] x86/fpu: xstate_offset[2]:  576, xstate_sizes[2]:  256
[    0.000000] x86/fpu: Supporting XSAVE feature 0x01: 'x87 floating point registers'
[    0.000000] x86/fpu: Supporting XSAVE feature 0x02: 'SSE registers'
[    0.000000] x86/fpu: Supporting XSAVE feature 0x04: 'AVX registers'
[    0.000000] x86/fpu: Enabled xstate features 0x7, context size is 832 bytes, using 'standard' format.
[    0.000000] x86/fpu: Using 'lazy' FPU context switches.
[    0.000000] e820: BIOS-provided physical RAM map:
[    0.000000] BIOS-e820: [mem 0x0000000000000000-0x000000000009fbff] usable
[    0.000000] BIOS-e820: [mem 0x000000000009fc00-0x000000000009ffff] reserved
[    0.000000] BIOS-e820: [mem 0x00000000000f0000-0x00000000000fffff] reserved
[    0.000000] BIOS-e820: [mem 0x0000000000100000-0x000000003ffeffff] usable
[    0.000000] BIOS-e820: [mem 0x000000003fff0000-0x000000003fffffff] ACPI data
[    0.000000] BIOS-e820: [mem 0x00000000fec00000-0x00000000fec00fff] reserved
[    0.000000] BIOS-e820: [mem 0x00000000fee00000-0x00000000fee00fff] reserved
[    0.000000] BIOS-e820: [mem 0x00000000fffc0000-0x00000000ffffffff] reserved
[    0.000000] NX (Execute Disable) protection: active
[    0.000000] SMBIOS 2.5 present.
[    0.000000] Hypervisor detected: KVM
[    0.000000] e820: last_pfn = 0x3fff0 max_arch_pfn = 0x400000000
[    0.000000] MTRR: Disabled
[    0.000000] x86/PAT: MTRRs disabled, skipping PAT initialization too.
[    0.000000] x86/PAT: Configuration [0-7]: WB  WT  UC- UC  WB  WT  UC- UC  
[    0.000000] CPU MTRRs all blank - virtualized system.
[    0.000000] found SMP MP-table at [mem 0x0009fff0-0x0009ffff] mapped at [ffff88000009fff0]
[    0.000000] Scanning 1 areas for low memory corruption
[    0.000000] RAMDISK: [mem 0x36ae6000-0x3756afff]
[    0.000000] ACPI: Early table checksum verification disabled
[    0.000000] ACPI: RSDP 0x00000000000E0000 000024 (v02 VBOX  )
[    0.000000] ACPI: XSDT 0x000000003FFF0030 00003C (v01 VBOX   VBOXXSDT 00000001 ASL  00000061)
[    0.000000] ACPI: FACP 0x000000003FFF00F0 0000F4 (v04 VBOX   VBOXFACP 00000001 ASL  00000061)
[    0.000000] ACPI: DSDT 0x000000003FFF0470 0021C8 (v02 VBOX   VBOXBIOS 00000002 INTL 20160831)
[    0.000000] ACPI: FACS 0x000000003FFF0200 000040
[    0.000000] ACPI: FACS 0x000000003FFF0200 000040
[    0.000000] ACPI: APIC 0x000000003FFF0240 00005C (v02 VBOX   VBOXAPIC 00000001 ASL  00000061)
[    0.000000] ACPI: SSDT 0x000000003FFF02A0 0001CC (v01 VBOX   VBOXCPUT 00000002 INTL 20160831)
[    0.000000] No NUMA configuration found
[    0.000000] Faking a node at [mem 0x0000000000000000-0x000000003ffeffff]
[    0.000000] NODE_DATA(0) allocated [mem 0x3ffeb000-0x3ffeffff]
[    0.000000] kvm-clock: Using msrs 4b564d01 and 4b564d00
[    0.000000] kvm-clock: cpu 0, msr 0:3ffe3001, primary cpu clock
[    0.000000] kvm-clock: using sched offset of 3176708528 cycles
[    0.000000] clocksource: kvm-clock: mask: 0xffffffffffffffff max_cycles: 0x1cd42e4dffb, max_idle_ns: 881590591483 ns
[    0.000000] Zone ranges:
[    0.000000]   DMA      [mem 0x0000000000001000-0x0000000000ffffff]
[    0.000000]   DMA32    [mem 0x0000000001000000-0x000000003ffeffff]
[    0.000000]   Normal   empty
[    0.000000]   Device   empty
[    0.000000] Movable zone start for each node
[    0.000000] Early memory node ranges
[    0.000000]   node   0: [mem 0x0000000000001000-0x000000000009efff]
[    0.000000]   node   0: [mem 0x0000000000100000-0x000000003ffeffff]
[    0.000000] Initmem setup node 0 [mem 0x0000000000001000-0x000000003ffeffff]
[    0.000000] ACPI: PM-Timer IO Port: 0x4008
[    0.000000] IOAPIC[0]: apic_id 2, version 32, address 0xfec00000, GSI 0-23
[    0.000000] ACPI: INT_SRC_OVR (bus 0 bus_irq 0 global_irq 2 dfl dfl)
[    0.000000] ACPI: INT_SRC_OVR (bus 0 bus_irq 9 global_irq 9 high level)
[    0.000000] Using ACPI (MADT) for SMP configuration information
[    0.000000] smpboot: Allowing 2 CPUs, 0 hotplug CPUs
[    0.000000] PM: Registered nosave memory: [mem 0x00000000-0x00000fff]
[    0.000000] PM: Registered nosave memory: [mem 0x0009f000-0x0009ffff]
[    0.000000] PM: Registered nosave memory: [mem 0x000a0000-0x000effff]
[    0.000000] PM: Registered nosave memory: [mem 0x000f0000-0x000fffff]
[    0.000000] e820: [mem 0x40000000-0xfebfffff] available for PCI devices
[    0.000000] Booting paravirtualized kernel on KVM
[    0.000000] clocksource: refined-jiffies: mask: 0xffffffff max_cycles: 0xffffffff, max_idle_ns: 7645519600211568 ns
[    0.000000] setup_percpu: NR_CPUS:512 nr_cpumask_bits:512 nr_cpu_ids:2 nr_node_ids:1
[    0.000000] PERCPU: Embedded 33 pages/cpu @ffff88003fc00000 s98264 r8192 d28712 u1048576
[    0.000000] PV qspinlock hash table entries: 256 (order: 0, 4096 bytes)
[    0.000000] Built 1 zonelists in Node order, mobility grouping on.  Total pages: 257913
[    0.000000] Policy zone: DMA32
[    0.000000] Kernel command line: BOOT_IMAGE=/boot/vmlinuz-4.4.0-78-generic root=LABEL=cloudimg-rootfs ro console=tty1 console=ttyS0
[    0.000000] PID hash table entries: 4096 (order: 3, 32768 bytes)
[    0.000000] Memory: 1001808K/1048120K available (8469K kernel code, 1294K rwdata, 3984K rodata, 1484K init, 1316K bss, 46312K reserved, 0K cma-reserved)
[    0.000000] SLUB: HWalign=64, Order=0-3, MinObjects=0, CPUs=2, Nodes=1
[    0.000000] Hierarchical RCU implementation.
[    0.000000] 	Build-time adjustment of leaf fanout to 64.
[    0.000000] 	RCU restricting CPUs from NR_CPUS=512 to nr_cpu_ids=2.
[    0.000000] RCU: Adjusting geometry for rcu_fanout_leaf=64, nr_cpu_ids=2
[    0.000000] NR_IRQS:33024 nr_irqs:440 16
[    0.000000] Console: colour VGA+ 80x25
[    0.000000] console [tty1] enabled
[    0.000000] console [ttyS0] enabled
[    0.000000] tsc: Detected 2491.824 MHz processor
[    0.404158] Calibrating delay loop (skipped) preset value.. 4983.64 BogoMIPS (lpj=9967296)
[    0.423802] pid_max: default: 32768 minimum: 301
[    0.430231] ACPI: Core revision 20150930
[    0.432234] ACPI: 2 ACPI AML tables successfully acquired and loaded
[    0.435185] Security Framework initialized
[    0.436234] Yama: becoming mindful.
[    0.437158] AppArmor: AppArmor initialized
[    0.449934] Dentry cache hash table entries: 131072 (order: 8, 1048576 bytes)
[    0.466399] Inode-cache hash table entries: 65536 (order: 7, 524288 bytes)
[    0.479637] Mount-cache hash table entries: 2048 (order: 2, 16384 bytes)
[    0.486500] Mountpoint-cache hash table entries: 2048 (order: 2, 16384 bytes)
[    0.505405] Initializing cgroup subsys io
[    0.521149] Initializing cgroup subsys memory
[    0.524551] Initializing cgroup subsys devices
[    0.525624] Initializing cgroup subsys freezer
[    0.528958] Initializing cgroup subsys net_cls
[    0.538730] Initializing cgroup subsys perf_event
[    0.539860] Initializing cgroup subsys net_prio
[    0.540974] Initializing cgroup subsys hugetlb
[    0.542062] Initializing cgroup subsys pids
[    0.544502] CPU: Physical Processor ID: 0
[    0.550439] CPU: Processor Core ID: 0
[    0.551413] mce: CPU supports 0 MCE banks
[    0.552445] Last level iTLB entries: 4KB 512, 2MB 8, 4MB 8
[    0.556068] Last level dTLB entries: 4KB 512, 2MB 32, 4MB 32, 1GB 0
[    0.561995] Freeing SMP alternatives memory: 32K (ffffffff820b8000 - ffffffff820c0000)
[    0.575175] ftrace: allocating 32120 entries in 126 pages
[    0.665277] smpboot: APIC(0) Converting physical 0 to logical package 0
[    0.717712] smpboot: Max logical packages: 1
[    0.720583] x2apic enabled
[    0.722745] Switched APIC routing to physical x2apic.
[    0.769916] ..TIMER: vector=0x30 apic1=0 pin1=2 apic2=-1 pin2=-1
[    0.884538] smpboot: CPU0: Intel(R) Core(TM) i5-2520M CPU @ 2.50GHz (family: 0x6, model: 0x2a, stepping: 0x7)
[    0.891037] Performance Events: unsupported p6 CPU model 42 no PMU driver, software events only.
[    0.894470] KVM setup paravirtual spinlock
[    0.897377] x86: Booting SMP configuration:
[    0.904785] .... node  #0, CPUs:      #1
[    0.929563] kvm-clock: cpu 1, msr 0:3ffe3041, secondary cpu clock
[    0.933565] mce: CPU supports 0 MCE banks
[    0.936272] x86: Booted up 1 node, 2 CPUs
[    0.942581] smpboot: Total of 2 processors activated (9967.29 BogoMIPS)
[    0.957325] devtmpfs: initialized
[    0.964741] evm: security.selinux
[    0.973760] evm: security.SMACK64
[    0.989672] evm: security.SMACK64EXEC
[    0.994407] evm: security.SMACK64TRANSMUTE
[    1.003176] evm: security.SMACK64MMAP
[    1.022153] evm: security.ima
[    1.022799] evm: security.capability
[    1.042753] clocksource: jiffies: mask: 0xffffffff max_cycles: 0xffffffff, max_idle_ns: 7645041785100000 ns
[    1.054084] futex hash table entries: 512 (order: 3, 32768 bytes)
[    1.062640] pinctrl core: initialized pinctrl subsystem
[    1.070167] RTC time:  8:42:58, date: 05/27/17
[    1.075245] NET: Registered protocol family 16
[    1.092785] cpuidle: using governor ladder
[    1.104899] cpuidle: using governor menu
[    1.111990] PCCT header not found.
[    1.117854] ACPI: bus type PCI registered
[    1.120588] acpiphp: ACPI Hot Plug PCI Controller Driver version: 0.5
[    1.122478] PCI: Using configuration type 1 for base access
[    1.141724] ACPI: Added _OSI(Module Device)
[    1.172894] ACPI: Added _OSI(Processor Device)
[    1.200624] ACPI: Added _OSI(3.0 _SCP Extensions)
[    1.207436] ACPI: Added _OSI(Processor Aggregator Device)
[    1.209954] ACPI: Executed 1 blocks of module-level executable AML code
[    1.216739] ACPI: Interpreter enabled
[    1.223252] ACPI: (supports S0 S5)
[    1.224314] ACPI: Using IOAPIC for interrupt routing
[    1.226099] PCI: Using host bridge windows from ACPI; if necessary, use "pci=nocrs" and report a bug
[    1.265504] ACPI: PCI Root Bridge [PCI0] (domain 0000 [bus 00-ff])
[    1.309025] acpi PNP0A03:00: _OSC: OS supports [ASPM ClockPM Segments MSI]
[    1.317223] acpi PNP0A03:00: _OSC failed (AE_NOT_FOUND); disabling ASPM
[    1.340571] acpi PNP0A03:00: fail to add MMCONFIG information, can't access extended PCI configuration space under this bridge.
[    1.356988] PCI host bridge to bus 0000:00
[    1.370675] pci_bus 0000:00: root bus resource [io  0x0000-0x0cf7 window]
[    1.406974] pci_bus 0000:00: root bus resource [io  0x0d00-0xffff window]
[    1.458344] pci_bus 0000:00: root bus resource [mem 0x000a0000-0x000bffff window]
[    1.460653] pci_bus 0000:00: root bus resource [mem 0x40000000-0xffdfffff window]
[    1.471397] pci_bus 0000:00: root bus resource [bus 00-ff]
[    1.475072] pci 0000:00:01.1: legacy IDE quirk: reg 0x10: [io  0x01f0-0x01f7]
[    1.490701] pci 0000:00:01.1: legacy IDE quirk: reg 0x14: [io  0x03f6]
[    1.525865] pci 0000:00:01.1: legacy IDE quirk: reg 0x18: [io  0x0170-0x0177]
[    1.550518] pci 0000:00:01.1: legacy IDE quirk: reg 0x1c: [io  0x0376]
[    1.590605] pci 0000:00:07.0: quirk: [io  0x4000-0x403f] claimed by PIIX4 ACPI
[    1.597991] pci 0000:00:07.0: quirk: [io  0x4100-0x410f] claimed by PIIX4 SMB
[    1.619517] ACPI: PCI Interrupt Link [LNKA] (IRQs 5 9 10 *11)
[    1.651420] ACPI: PCI Interrupt Link [LNKB] (IRQs 5 9 10 *11)
[    1.661218] ACPI: PCI Interrupt Link [LNKC] (IRQs 5 9 *10 11)
[    1.667080] ACPI: PCI Interrupt Link [LNKD] (IRQs 5 *9 10 11)
[    1.669517] ACPI: Enabled 2 GPEs in block 00 to 07
[    1.698103] vgaarb: setting as boot device: PCI:0000:00:02.0
[    1.699651] vgaarb: device added: PCI:0000:00:02.0,decodes=io+mem,owns=io+mem,locks=none
[    1.702120] vgaarb: loaded
[    1.705179] vgaarb: bridge control possible 0000:00:02.0
[    1.733239] SCSI subsystem initialized
[    1.737621] ACPI: bus type USB registered
[    1.749008] usbcore: registered new interface driver usbfs
[    1.758900] usbcore: registered new interface driver hub
[    1.763719] usbcore: registered new device driver usb
[    1.766337] PCI: Using ACPI for IRQ routing
[    1.778623] NetLabel: Initializing
[    1.797920] NetLabel:  domain hash size = 128
[    1.809124] NetLabel:  protocols = UNLABELED CIPSOv4
[    1.820849] NetLabel:  unlabeled traffic allowed by default
[    1.845552] amd_nb: Cannot enumerate AMD northbridges
[    1.850590] clocksource: Switched to clocksource kvm-clock
[    1.878036] AppArmor: AppArmor Filesystem Enabled
[    1.894520] pnp: PnP ACPI init
[    1.905111] pnp: PnP ACPI: found 3 devices
[    1.934963] clocksource: acpi_pm: mask: 0xffffff max_cycles: 0xffffff, max_idle_ns: 2085701024 ns
[    2.030410] NET: Registered protocol family 2
[    2.045085] TCP established hash table entries: 8192 (order: 4, 65536 bytes)
[    2.055343] TCP bind hash table entries: 8192 (order: 5, 131072 bytes)
[    2.095570] TCP: Hash tables configured (established 8192 bind 8192)
[    2.110913] UDP hash table entries: 512 (order: 2, 16384 bytes)
[    2.134428] UDP-Lite hash table entries: 512 (order: 2, 16384 bytes)
[    2.135953] NET: Registered protocol family 1
[    2.146253] pci 0000:00:00.0: Limiting direct PCI/PCI transfers
[    2.160357] pci 0000:00:01.0: Activating ISA DMA hang workarounds
[    2.170742] Unpacking initramfs...
[    3.932447] Freeing initrd memory: 10772K (ffff880036ae6000 - ffff88003756b000)
[    3.958796] RAPL PMU detected, API unit is 2^-32 Joules, 3 fixed counters 10737418240 ms ovfl timer
[    3.967449] hw unit of domain pp0-core 2^-0 Joules
[    4.134561] hw unit of domain package 2^-0 Joules
[    4.235883] hw unit of domain pp1-gpu 2^-0 Joules
[    4.345025] platform rtc_cmos: registered platform RTC device (no PNP device found)
[    4.348439] Scanning for low memory corruption every 60 seconds
[    4.411641] audit: initializing netlink subsys (disabled)
[    4.430494] audit: type=2000 audit(1495874585.230:1): initialized
[    4.436187] Initialise system trusted keyring
[    4.445438] HugeTLB registered 2 MB page size, pre-allocated 0 pages
[    4.449160] zbud: loaded
[    4.452043] VFS: Disk quotas dquot_6.6.0
[    4.454618] VFS: Dquot-cache hash table entries: 512 (order 0, 4096 bytes)
[    4.456952] squashfs: version 4.0 (2009/01/31) Phillip Lougher
[    4.461298] fuse init (API version 7.23)
[    4.465239] Key type big_key registered
[    4.466505] Allocating IMA MOK and blacklist keyrings.
[    4.469535] Key type asymmetric registered
[    4.472696] Asymmetric key parser 'x509' registered
[    4.624377] Block layer SCSI generic (bsg) driver version 0.4 loaded (major 249)
[    4.845143] io scheduler noop registered
[    4.945926] io scheduler deadline registered (default)
[    4.948513] io scheduler cfq registered
[    5.043159] pci_hotplug: PCI Hot Plug PCI Core version: 0.5
[    5.154770] pciehp: PCI Express Hot Plug Controller Driver version: 0.4
[    5.205180] ACPI: AC Adapter [AC] (on-line)
[    5.209347] input: Power Button as /devices/LNXSYSTM:00/LNXPWRBN:00/input/input0
[    5.245264] ACPI: Power Button [PWRF]
[    5.248318] input: Sleep Button as /devices/LNXSYSTM:00/LNXSLPBN:00/input/input1
[    5.454579] tsc: Refined TSC clocksource calibration: 2491.820 MHz
[    5.630044] clocksource: tsc: mask: 0xffffffffffffffff max_cycles: 0x23eb0a69fb9, max_idle_ns: 440795317437 ns
[    5.630083] ACPI: Sleep Button [SLPF]
[    5.630329] GHES: HEST is not enabled!
[    5.786541] ACPI: Battery Slot [BAT0] (battery present)
[    5.786593] Serial: 8250/16550 driver, 32 ports, IRQ sharing enabled
[    5.827330] 00:02: ttyS0 at I/O 0x3f8 (irq = 4, base_baud = 115200) is a 16550A
[    5.885405] Linux agpgart interface v0.103
[    5.896943] loop: module loaded
[    5.898025] scsi host0: ata_piix
[    5.898122] scsi host1: ata_piix
[    5.898174] ata1: PATA max UDMA/33 cmd 0x1f0 ctl 0x3f6 bmdma 0xd000 irq 14
[    5.898175] ata2: PATA max UDMA/33 cmd 0x170 ctl 0x376 bmdma 0xd008 irq 15
[    5.898289] libphy: Fixed MDIO Bus: probed
[    5.898292] tun: Universal TUN/TAP device driver, 1.6
[    5.898293] tun: (C) 1999-2004 Max Krasnyansky <maxk@qualcomm.com>
[    5.898725] PPP generic driver version 2.4.2
[    5.898823] ehci_hcd: USB 2.0 'Enhanced' Host Controller (EHCI) Driver
[    5.898831] ehci-pci: EHCI PCI platform driver
[    5.898860] ehci-platform: EHCI generic platform driver
[    5.898874] ohci_hcd: USB 1.1 'Open' Host Controller (OHCI) Driver
[    5.898881] ohci-pci: OHCI PCI platform driver
[    5.898899] ohci-platform: OHCI generic platform driver
[    5.898911] uhci_hcd: USB Universal Host Controller Interface driver
[    5.899012] i8042: PNP: PS/2 Controller [PNP0303:PS2K,PNP0f03:PS2M] at 0x60,0x64 irq 1,12
[    5.899545] serio: i8042 KBD port at 0x60,0x64 irq 1
[    5.899551] serio: i8042 AUX port at 0x60,0x64 irq 12
[    5.899670] mousedev: PS/2 mouse device common for all mice
[    5.899997] input: AT Translated Set 2 keyboard as /devices/platform/i8042/serio0/input/input2
[    5.900484] rtc_cmos rtc_cmos: rtc core: registered rtc_cmos as rtc0
[    5.900576] rtc_cmos rtc_cmos: alarms up to one day, 114 bytes nvram
[    5.900587] i2c /dev entries driver
[    5.900677] device-mapper: uevent: version 1.0.3
[    5.900744] device-mapper: ioctl: 4.34.0-ioctl (2015-10-28) initialised: dm-devel@redhat.com
[    5.900766] ledtrig-cpu: registered to indicate activity on CPUs
[    5.901050] NET: Registered protocol family 10
[    5.901206] NET: Registered protocol family 17
[    5.901217] Key type dns_resolver registered
[    5.901360] microcode: CPU0 sig=0x206a7, pf=0x10, revision=0x0
[    5.924705] microcode: CPU1 sig=0x206a7, pf=0x10, revision=0x0
[    5.924815] microcode: Microcode Update Driver: v2.01 <tigran@aivazian.fsnet.co.uk>, Peter Oruba
[    5.925052] registered taskstats version 1
[    5.925070] Loading compiled-in X.509 certificates
[    5.926115] Loaded X.509 cert 'Build time autogenerated kernel key: 779fd75203f0d36b99b83c7328fac831ec7adf9e'
[    5.926157] zswap: loaded using pool lzo/zbud
[    5.928408] Key type trusted registered
[    5.930887] Key type encrypted registered
[    5.930894] AppArmor: AppArmor sha1 policy hashing enabled
[    5.930897] ima: No TPM chip found, activating TPM-bypass!
[    5.930929] evm: HMAC attrs: 0x1
[    5.931378]   Magic number: 1:554:726
[    5.931391] block loop6: hash matches
[    5.937495] rtc_cmos rtc_cmos: setting system clock to 2017-05-27 08:43:03 UTC (1495874583)
[    5.937673] BIOS EDD facility v0.16 2004-Jun-25, 0 devices found
[    5.937674] EDD information not available.
[    9.128538] Freeing unused kernel memory: 1484K (ffffffff81f45000 - ffffffff820b8000)
[    9.142332] Write protecting the kernel read-only data: 14336k
[    9.150187] Freeing unused kernel memory: 1760K (ffff880001848000 - ffff880001a00000)
[    9.190643] Freeing unused kernel memory: 112K (ffff880001de4000 - ffff880001e00000)
Loading, please [    9.223749] random: systemd-udevd: uninitialized urandom read (16 bytes read, 3 bits of entropy available)
wait...
startin[    9.225077] random: udevadm: uninitialized urandom read (16 bytes read, 3 bits of entropy available)
g version 229
[    9.225131] random: udevadm: uninitialized urandom read (16 bytes read, 3 bits of entropy available)
[    9.225266] random: udevadm: uninitialized urandom read (16 bytes read, 3 bits of entropy available)
[    9.225317] random: udevadm: uninitialized urandom read (16 bytes read, 3 bits of entropy available)
[    9.225367] random: udevadm: uninitialized urandom read (16 bytes read, 3 bits of entropy available)
[    9.225416] random: udevadm: uninitialized urandom read (16 bytes read, 3 bits of entropy available)
[    9.225479] random: udevadm: uninitialized urandom read (16 bytes read, 3 bits of entropy available)
[    9.225526] random: udevadm: uninitialized urandom read (16 bytes read, 3 bits of entropy available)
[    9.225584] random: udevadm: uninitialized urandom read (16 bytes read, 3 bits of entropy available)
[    9.488471] e1000: Intel(R) PRO/1000 Network Driver - version 7.3.21-k8-NAPI
[    9.496705] e1000: Copyright (c) 1999-2006 Intel Corporation.
[    9.529248] Fusion MPT base driver 3.04.20
[    9.535785] Copyright (c) 1999-2008 LSI Corporation
[    9.547486] Fusion MPT SPI Host driver 3.04.20
[    9.597386] AVX version of gcm_enc/dec engaged.
[    9.620133] AES CTR mode by8 optimization enabled
[    9.837150] input: ImExPS/2 Generic Explorer Mouse as /devices/platform/i8042/serio1/input/input4
[    9.911214] e1000 0000:00:03.0 eth0: (PCI:33MHz:32-bit) 02:a1:c7:cf:6b:93
[    9.939483] e1000 0000:00:03.0 eth0: Intel(R) PRO/1000 Network Connection
[    9.941845] mptbase: ioc0: Initiating bringup
[   10.027670] ioc0: LSI53C1030 A0: Capabilities={Initiator}
[   10.200386] scsi host2: ioc0: LSI53C1030 A0, FwRev=00000000h, Ports=1, MaxQ=256, IRQ=20
[   10.340852] scsi 2:0:0:0: Direct-Access     VBOX     HARDDISK         1.0  PQ: 0 ANSI: 5
[   10.369732] scsi target2:0:0: Beginning Domain Validation
[   10.385315] scsi target2:0:0: Domain Validation skipping write tests
[   10.392112] scsi target2:0:0: Ending Domain Validation
[   10.393806] scsi target2:0:0: asynchronous
[   10.398772] scsi 2:0:1:0: Direct-Access     VBOX     HARDDISK         1.0  PQ: 0 ANSI: 5
[   10.402643] scsi target2:0:1: Beginning Domain Validation
[   10.406314] scsi target2:0:1: Domain Validation skipping write tests
[   10.414234] scsi target2:0:1: Ending Domain Validation
[   10.415607] scsi target2:0:1: asynchronous
[   10.431650] sd 2:0:0:0: Attached scsi generic sg0 type 0
[   10.439183] sd 2:0:0:0: [sda] 20971520 512-byte logical blocks: (10.7 GB/10.0 GiB)
[   10.444058] sd 2:0:0:0: [sda] Write Protect is off
[   10.448816] sd 2:0:0:0: [sda] Incomplete mode parameter data
[   10.448817] sd 2:0:0:0: [sda] Assuming drive cache: write through
[   10.487997] sd 2:0:1:0: Attached scsi generic sg1 type 0
[   10.491049] sd 2:0:1:0: [sdb] 20480 512-byte logical blocks: (10.5 MB/10.0 MiB)
[   10.491217] sd 2:0:1:0: [sdb] Write Protect is off
[   10.491379] sd 2:0:1:0: [sdb] Incomplete mode parameter data
[   10.491403] sd 2:0:1:0: [sdb] Assuming drive cache: write through
[   10.491811]  sda: sda1
[   10.511177] sd 2:0:0:0: [sda] Attached SCSI disk
[   10.550018] sd 2:0:1:0: [sdb] Attached SCSI disk
[   10.712639] e1000 0000:00:08.0 eth1: (PCI:33MHz:32-bit) 08:00:27:4f:88:e5
[   10.748823] e1000 0000:00:08.0 eth1: Intel(R) PRO/1000 Network Connection
[   10.774642] e1000 0000:00:08.0 enp0s8: renamed from eth1
[   10.794918] e1000 0000:00:03.0 enp0s3: renamed from eth0
[   12.674898] floppy0: no floppy controllers found
Begin: Loading e[   14.071298] md: linear personality registered for level -1
ssential drivers ... [   14.128639] md: multipath personality registered for level -4
[   14.181072] md: raid0 personality registered for level 0
[   14.190838] md: raid1 personality registered for level 1
[   14.270637] raid6: sse2x1   gen()  7974 MB/s
[   14.342628] raid6: sse2x1   xor()  6300 MB/s
[   14.414619] raid6: sse2x2   gen() 10193 MB/s
[   14.486610] raid6: sse2x2   xor()  7288 MB/s
[   14.558627] raid6: sse2x4   gen() 11612 MB/s
[   14.630627] raid6: sse2x4   xor()  8583 MB/s
[   14.637272] raid6: using algorithm sse2x4 gen() 11612 MB/s
[   14.643552] raid6: .... xor() 8583 MB/s, rmw enabled
[   14.650521] raid6: using ssse3x2 recovery algorithm
[   14.654388] xor: automatically using best checksumming function:
[   14.702626]    avx       : 17324.000 MB/sec
[   14.735681] async_tx: api initialized (async)
[   14.753723] md: raid6 personality registered for level 6
[   14.775404] md: raid5 personality registered for level 5
[   14.776952] md: raid4 personality registered for level 4
[   14.785028] md: raid10 personality registered for level 10
done.
Begin: Running /scripts/init-premount ... done.
Begin: Mounting root file system ... Begin: Running /scripts/local-top ... done.
Begin: Running /scripts/local-premount ... [   14.854873] Btrfs loaded
Scanning for Btrfs filesystems
done.
Warning: fsck no[   15.022635] EXT4-fs (sda1): mounted filesystem with ordered data mode. Opts: (null)
t present, so skipping root file system
done.
Begin: Running /scripts/local-bottom ... done.
Begin: Running /scripts/init-bottom ... done.
[   15.450989] systemd[1]: systemd 229 running in system mode. (+PAM +AUDIT +SELINUX +IMA +APPARMOR +SMACK +SYSVINIT +UTMP +LIBCRYPTSETUP +GCRYPT +GNUTLS +ACL +XZ -LZ4 +SECCOMP +BLKID +ELFUTILS +KMOD -IDN)
[   15.755435] systemd[1]: Detected virtualization oracle.
[   15.769417] systemd[1]: Detected architecture x86-64.

Welcome to [1mUbuntu 16.04.2 LTS[0m!

[   15.779977] systemd[1]: Set hostname to <ubuntu-xenial>.
[   15.983535] systemd[1]: Started Trigger resolvconf update for networkd DNS.
[[0;32m  OK  [0m] Started Trigger resolvconf update for networkd DNS.
[   16.118550] systemd[1]: Reached target Encrypted Volumes.
[[0;32m  OK  [0m] Reached target Encrypted Volumes.
[   16.126620] systemd[1]: Listening on LVM2 poll daemon socket.
[[0;32m  OK  [0m] Listening on LVM2 poll daemon socket.
[   16.148548] systemd[1]: Reached target User and Group Name Lookups.
[[0;32m  OK  [0m] Reached target User and Group Name Lookups.
[   16.179376] systemd[1]: Created slice System Slice.
[[0;32m  OK  [0m] Created slice System Slice.
[   16.235847] systemd[1]: Listening on Journal Audit Socket.
[[0;32m  OK  [0m] Listening on Journal Audit Socket.
[   16.244645] systemd[1]: Listening on Journal Socket.
[[0;32m  OK  [0m] Listening on Journal Socket.
[   16.279878] systemd[1]: Starting Load Kernel Modules...
[   16.302905] Loading iSCSI transport class v2.0-870.
         Starting Load Kernel Modules...
[   16.312405] systemd[1]: Starting Remount Root and Kernel File Systems...
         Starting Remount Root and Kernel File S[   16.351138] iscsi: registered transport (tcp)
ystems...
[   16.364716] EXT4-fs (sda1): re-mounted. Opts: (null)
[   16.403213] systemd[1]: Starting Uncomplicated firewall...
         Starting Uncomplicated firewall...
[   16.434908] systemd[1]: Starting Create list of required static device nodes for the current kernel...
         Startin[   16.458334] iscsi: registered transport (iser)
g Create list of required st... nodes for the current kernel...
[   16.476718] systemd[1]: Mounting POSIX Message Queue File System...
         Mounting POSIX Message Queue File System...
[   16.514922] systemd[1]: Mounting Debug File System...
         Mounting Debug File System...
[   16.563169] systemd[1]: Listening on Syslog Socket.
[[0;32m  OK  [0m] Listening on Syslog Socket.
[   16.593695] systemd[1]: Started Forward Password Requests to Wall Directory Watch.
[[0;32m  OK  [0m] Started Forward Password Requests to Wall Directory Watch.
[   16.609255] systemd[1]: Created slice User and Session Slice.
[[0;32m  OK  [0m] Created slice User and Session Slice.
[   16.612473] systemd[1]: Reached target Slices.
[[0;32m  OK  [0m] Reached target Slices.
[   16.626891] systemd[1]: Starting Nameserver information manager...
         Starting Nameserver information manager...
[   16.699575] systemd[1]: Listening on udev Control Socket.
[[0;32m  OK  [0m] Listening on udev Control Socket.
[   16.739001] systemd[1]: Reached target Swap.
[[0;32m  OK  [0m] Reached target Swap.
[   16.767000] systemd[1]: Listening on /dev/initctl Compatibility Named Pipe.
[[0;32m  OK  [0m] Listening on /dev/initctl Compatibility Named Pipe.
[   16.904917] systemd[1]: Listening on Device-mapper event daemon FIFOs.
[[0;32m  OK  [0m] Listening on Device-mapper event daemon FIFOs.
[   16.987397] systemd[1]: Created slice system-serial\x2dgetty.slice.
[[0;32m  OK  [0m] Created slice system-serial\x2dgetty.slice.
[   17.071475] systemd[1]: Set up automount Arbitrary Executable File Formats File System Automount Point.
[[0;32m  OK  [0m] Set up automount Arbitrary Executab...ats File System Automount Point.
[   17.143002] systemd[1]: Starting Set console keymap...
         Starting Set console keymap...
[   17.186892] systemd[1]: Listening on udev Kernel Socket.
[[0;32m  OK  [0m] Listening on udev Kernel Socket.
[   17.230984] systemd[1]: Listening on LVM2 metadata daemon socket.
[[0;32m  OK  [0m] Listening on LVM2 metadata daemon socket.
[   17.295027] systemd[1]: Starting Monitoring of LVM2 mirrors, snapshots etc. using dmeventd or progress polling...
[   17.296089] random: nonblocking pool is initialized
         Starting Monitoring of LVM2 mirrors... dmeventd or progress polling...
[   17.399192] systemd[1]: Mounting Huge Pages File System...
         Mounting Huge Pages File System...
[   17.527532] systemd[1]: Listening on Journal Socket (/dev/log).
[[0;32m  OK  [0m] Listening on Journal Socket (/dev/log).
[   17.534311] systemd[1]: Starting Journal Service...
         Starting Journal Service...
[   17.586826] systemd[1]: Mounted POSIX Message Queue File System.
[[0;32m  OK  [0m] Mounted POSIX Message Queue File System.
[   17.975067] systemd[1]: Mounted Huge Pages File System.
[[0;32m  OK  [0m] Mounted Huge Pages File System.
[   18.011730] systemd[1]: Mounted Debug File System.
[[0;32m  OK  [0m] Mounted Debug File System.
[   18.051039] systemd[1]: Started Journal Service.
[[0;32m  OK  [0m] Started Journal Service.
[[0;32m  OK  [0m] Started Load Kernel Modules.
[[0;32m  OK  [0m] Started Remount Root and Kernel File Systems.
[[0;32m  OK  [0m] Started Uncomplicated firewall.
[[0;32m  OK  [0m] Started Create list of required sta...ce nodes for the current kernel.
[[0;32m  OK  [0m] Started Set console keymap.
[[0;32m  OK  [0m] Started Nameserver information manager.
[[0;32m  OK  [0m] Started LVM2 metadata daemon.
         Starting Create Static Device Nodes in /dev...
         Starting Initial cloud-init job (pre-networking)...
         Starting Load/Save Random Seed...
         Starting udev Coldplug all Devices...
         Starting Apply Kernel Variables...
         Mounting FUSE Control File System...
         Starting Flush Journal to Persistent Storage...
[[0;32m  OK  [0m] Mounted FUSE Control File System.
[[0;32m  OK  [0m] Started Create Static Device Nodes in /dev.
[[0;32m  OK  [0m] Started Load/Save Random Seed.
[[0;32m  OK  [0m] Started Apply Kernel Variables.
[[0;32m  OK  [0m] Started udev Coldplug all Devices.
[[0;32m  OK  [0m] Started Flush Journal to Persistent Storage.
         Starting udev Kernel Device Manager...
[[0;32m  OK  [0m] Started Monitoring of LVM2 mirrors,...ng dmeventd or progress polling.
[[0;32m  OK  [0m] Started udev Kernel Device Manager.
[[0;32m  OK  [0m] Started Dispatch Password Requests to Console Directory Watch.
[[0;32m  OK  [0m] Reached target Local File Systems (Pre).
[[0;32m  OK  [0m] Reached target Local File Systems.
         Starting Create Volatile Files and Directories...
         Starting Set console font and keymap...
         Starting LSB: AppArmor initialization...
         Starting Tell Plymouth To Write Out Runtime Data...
[[0;32m  OK  [0m] Started Create Volatile Files and Directories.
[[0;32m  OK  [0m] Started Tell Plymouth To Write Out Runtime Data.
[[0;32m  OK  [0m] Found device /dev/ttyS0.
[[0;32m  OK  [0m] Listening on Load/Save RF Kill Switch Status /dev/rfkill Watch.
[[0;32m  OK  [0m] Reached target System Time Synchronized.
         Starting Update UTMP about System Boot/Shutdown...
[[0;32m  OK  [0m] Started LSB: AppArmor initialization.
[   18.571452] cloud-init[444]: Cloud-init v. 0.7.9 running 'init-local' at Sat, 27 May 2017 08:43:17 +0000. Up 18.25 seconds.
[[0;32m  OK  [0m] Started Set console font and keymap.
[[0;32m  OK  [0m] Started Initial cloud-init job (pre-networking).
[[0;32m  OK  [0m] Found device 82540EM Gigabit Ethern...r (PRO/1000 MT Desktop Adapter).
[[0;32m  OK  [0m] Started Update UTMP about System Boot/Shutdown.
[[0;32m  OK  [0m] Reached target Network (Pre).
[[0;32m  OK  [0m] Started ifup for enp0s8.
[[0;32m  OK  [0m] Created slice system-getty.slice.
[[0;32m  OK  [0m] Started ifup for enp0s3.
         Starting Raise network interfaces...
[[0;32m  OK  [0m] Started Raise network interfaces.
         Starting Initial cloud-init job (metadata service crawler)...
[[0;32m  OK  [0m] Reached target Network.
[   21.339912] cloud-init[1059]: Cloud-init v. 0.7.9 running 'init' at Sat, 27 May 2017 08:43:19 +0000. Up 21.02 seconds.
[   21.392179] [cloud-init[0;32m  OK  [0m[1059]: ] ci-info: ++++++++++++++++++++++++++++++++++++++Net device info++++++++++++++++++++++++++++++++++++++Started Initial cloud-init job (metadata service crawler).

[   21.434478] [cloud-init[0;32m  OK  [0m[1059]: ] ci-info: +--------+------+-----------------------------+---------------+-------+-------------------+Reached target Network is Online.

[   21.435074] cloud-init[1059]: ci-info: | Device |  Up  |           Address           |      Mask     | Scope |     Hw-Address    |
[   21.441772] cloud-init[1059]: ci-info: +--------+------+-----------------------------+---------------+-------+-------------------+
[   21.468114]          cloud-initStarting iSCSI initiator daemon (iscsid)...[1059]: 
ci-info: |   lo   | True |          127.0.0.1          |   255.0.0.0   |   .   |         .         |
[   21.484582] [cloud-init[0;32m  OK  [0m[1059]: ] ci-info: |   lo   | True |           ::1/128           |       .       |  host |         .         |Reached target Cloud-config availability.

[   21.522708] [cloud-init[0;32m  OK  [0m[1059]: ] ci-info: | enp0s8 | True |          10.0.2.16          | 255.255.255.0 |   .   | 08:00:27:4f:88:e5 |Reached target System Initialization.

[   21.523372] cloud-init[1059]: ci-info: | enp0s8 | True | fe80::a00:27ff:fe4f:88e5/64 |       .       |  link | 08:00:27:4f:88:e5 |
[   21.567998] [cloud-init[0;32m  OK  [0m[1059]: ] ci-info: | enp0s3 | True |          10.0.2.15          | 255.255.255.0 |   .   | 02:a1:c7:cf:6b:93 |Started Timer to automatically refresh installed snaps.

[   21.568626] [cloud-init[0;32m  OK  [0m[1059]: ] ci-info: | enp0s3 | True |  fe80::a1:c7ff:fecf:6b93/64 |       .       |  link | 02:a1:c7:cf:6b:93 |Listening on ACPID Listen Socket.

[   21.578481] [cloud-init[0;32m  OK  [0m[1059]: ] ci-info: +--------+------+-----------------------------+---------------+-------+-------------------+Listening on UUID daemon activation socket.

[[0;32m  OK  [0m] Listening on D-Bus System Message Bus Socket.
[[0;32m  OK  [0m] Started Daily Cleanup of Temporary Directories.
[   21.582422] cloud-init[1059]: ci-info: +++++++++++++++++++++++++++Route IPv4 info++++++++++++++++++++++++++++
[   21.599667]          Starting LXD - unix socket.
cloud-init[1059]: ci-info: +-------+-------------+----------+---------------+-----------+-------+
[   21.603171] [cloud-init[0;32m  OK  [0m[1059]: ] ci-info: | Route | Destination | Gateway  |    Genmask    | Interface | Flags |Started ACPI Events Check.

[   21.606753] [[0;32m  OK  [0m] Reached target Paths.
[[0;32m  OK  [0m] Started Daily apt activities.
[[0;32m  OK  [0m] Reached target Timers.
         Starting Socket activation for snappy daemon.
cloud-init[1059]: ci-info: +-------+-------------+----------+---------------+-----------+-------+
[   21.662249] [cloud-init[0;32m  OK  [0m[1059]: ] ci-info: |   0   |   0.0.0.0   | 10.0.2.2 |    0.0.0.0    |   enp0s3  |   UG  |Listening on LXD - unix socket.

[   21.666668] [[0;32m  OK  [0m] Listening on Socket activation for snappy daemon.
[[0;32m  OK  [0m] Started iSCSI initiator daemon (iscsid).
cloud-init[1059]: ci-info: |   1   |   10.0.2.0  | 0.0.0.0  | 255.255.255.0 |   enp0s8  |   U   |
[   21.692955] cloud-init[1059]: ci-info: |   2   |   10.0.2.0  | 0.0.0.0  | 255.255.255.0 |   enp0s3  |   U   |
[   21.700409]          cloud-initStarting Login to default iSCSI targets...[1059]: 
ci-info: +-------+-------------+----------+---------------+-----------+-------+
[[0;32m  OK  [0m] Reached target Sockets.
[[0;32m  OK  [0m] Reached target Basic System.
         Starting Apply the settings specified in cloud-config...
[[0;32m  OK  [0m] Started D-Bus System Message Bus.
         Starting LSB: MD monitoring daemon...
[[0;32m  OK  [0m] Started Snappy daemon.
         Starting Auto import assertions from block devices...
[[0;32m  OK  [0m] Started Regular background program processing daemon.
[[0;32m  OK  [0m] Started Unattended Upgrades Shutdown.
[[0;32m  OK  [0m] Started ACPI event daemon.
[[0;32m  OK  [0m] Started Deferred execution scheduler.
[[0;32m  OK  [0m] Started FUSE filesystem for LXC.
         Starting Login Service...
         Starting Accounts Service...
         Starting LXD - container startup/shutdown...
[   22.305437] cloud-init[1118]: Cloud-init v. 0.7.9 running 'modules:config' at Sat, 27 May 2017 08:43:21 +0000. Up 22.17 seconds.
         Starting System Logging Service...
         Starting OpenBSD Secure Shell server...
         Starting LSB: Record successful boot for GRUB...
         Starting /etc/rc.local Compatibility...
[[0;32m  OK  [0m] Started System Logging Service.
[[0;32m  OK  [0m] Started OpenBSD Secure Shell server.
[[0;32m  OK  [0m] Started Apply the settings specified in cloud-config.
[[0;32m  OK  [0m] Started Auto import assertions from block devices.
[[0;32m  OK  [0m] Started LXD - container startup/shutdown.
[[0;32m  OK  [0m] Started /etc/rc.local Compatibility.
[[0;32m  OK  [0m] Started Login to default iSCSI targets.
[[0;32m  OK  [0m] Started LSB: MD monitoring daemon.
[[0;32m  OK  [0m] Started LSB: Record successful boot for GRUB.
[[0;32m  OK  [0m] Started Login Service.
         Starting Authenticate and Authorize Users to Run Privileged Tasks...
[[0;32m  OK  [0m] Reached target Remote File Systems (Pre).
[[0;32m  OK  [0m] Reached target Remote File Systems.
         Starting Permit User Sessions...
         Starting LSB: VirtualBox Linux Additions...
         Starting LSB: automatic crash report generation...
         Starting LSB: daemon to balance interrupts for SMP systems...
         Starting LSB: Set the CPU Frequency Scaling governor to "ondemand"...
[[0;32m  OK  [0m] Started Permit User Sessions.
[[0;32m  OK  [0m] Started Authenticate and Authorize Users to Run Privileged Tasks.
[[0;32m  OK  [0m] Started Accounts Service.
         Starting Hold until boot process finishes up...
         Starting Terminate Plymouth Boot Screen...
[[0;32m  OK  [0m] Started LSB: automatic crash report generation.
[[0;32m  OK  [0m] Started LSB: VirtualBox Linux Additions.
[[0;32m  OK  [0m] Started LSB: daemon to balance interrupts for SMP systems.
[[0;32m  OK  [0m] Started Hold until boot process finishes up.
[[0;32m  OK  [0m] Started Terminate Plymouth Boot Screen.
[[0;32m  OK  [0m] Started LSB: Set the CPU Frequency Scaling governor to "ondemand".
[[0;32m  OK  [0m] Started Getty on tty1.
[[0;32m  OK  [0m] Started Serial Getty on ttyS0.
[[0;32m  OK  [0m] Reached target Login Prompts.
         Starting Set console scheme...
[[0;32m  OK  [0m] Reached target Multi-User System.
         Starting Execute cloud user/final scripts...
[[0;32m  OK  [0m] Reached target Graphical Interface.
         Starting Update UTMP about System Runlevel Changes...
[[0;32m  OK  [0m] Started Set console scheme.
[[0;32m  OK  [0m] Started Update UTMP about System Runlevel Changes.
[   23.910504] cloud-init[1294]: Cloud-init v. 0.7.9 running 'modules:final' at Sat, 27 May 2017 08:43:22 +0000. Up 23.79 seconds.
[   23.950180] cloud-init[1294]: Cloud-init v. 0.7.9 finished at Sat, 27 May 2017 08:43:22 +0000. Datasource DataSourceNoCloud [seed=/dev/sdb][dsmode=net].  Up 23.90 seconds
[[0;32m  OK  [0m] Started Execute cloud user/final scripts.
[[0;32m  OK  [0m] Reached target Cloud-init target.

Ubuntu 16.04.2 LTS ubuntu-xenial ttyS0

ubuntu-xenial login: 